{"/Users/nico/Documents/Dev/transformers.js/packages/transformers-react/src/index.ts": {"path":"/Users/nico/Documents/Dev/transformers.js/packages/transformers-react/src/index.ts","all":true,"statementMap":{"0":{"start":{"line":1,"column":0},"end":{"line":1,"column":3}},"1":{"start":{"line":2,"column":0},"end":{"line":2,"column":34}},"2":{"start":{"line":3,"column":0},"end":{"line":3,"column":2}},"3":{"start":{"line":4,"column":0},"end":{"line":4,"column":34}},"4":{"start":{"line":5,"column":0},"end":{"line":5,"column":3}},"5":{"start":{"line":6,"column":0},"end":{"line":6,"column":0}},"6":{"start":{"line":7,"column":0},"end":{"line":7,"column":63}},"7":{"start":{"line":8,"column":0},"end":{"line":8,"column":55}},"8":{"start":{"line":9,"column":0},"end":{"line":9,"column":0}},"9":{"start":{"line":10,"column":0},"end":{"line":10,"column":75}},"10":{"start":{"line":11,"column":0},"end":{"line":11,"column":63}}},"s":{"0":0,"1":0,"2":0,"3":0,"4":0,"5":0,"6":0,"7":0,"8":0,"9":0,"10":0},"branchMap":{"0":{"type":"branch","line":1,"loc":{"start":{"line":1,"column":0},"end":{"line":11,"column":63}},"locations":[{"start":{"line":1,"column":0},"end":{"line":11,"column":63}}]}},"b":{"0":[0]},"fnMap":{"0":{"name":"(empty-report)","decl":{"start":{"line":1,"column":0},"end":{"line":11,"column":63}},"loc":{"start":{"line":1,"column":0},"end":{"line":11,"column":63}},"line":1}},"f":{"0":0}}
,"/Users/nico/Documents/Dev/transformers.js/packages/transformers-react/src/useLazyPipeline.ts": {"path":"/Users/nico/Documents/Dev/transformers.js/packages/transformers-react/src/useLazyPipeline.ts","all":false,"statementMap":{"0":{"start":{"line":1,"column":0},"end":{"line":1,"column":63}},"1":{"start":{"line":2,"column":0},"end":{"line":2,"column":8}},"2":{"start":{"line":3,"column":0},"end":{"line":3,"column":11}},"3":{"start":{"line":4,"column":0},"end":{"line":4,"column":20}},"4":{"start":{"line":5,"column":0},"end":{"line":5,"column":30}},"5":{"start":{"line":6,"column":0},"end":{"line":6,"column":35}},"6":{"start":{"line":7,"column":0},"end":{"line":7,"column":0}},"7":{"start":{"line":8,"column":0},"end":{"line":8,"column":50}},"8":{"start":{"line":9,"column":0},"end":{"line":9,"column":32}},"9":{"start":{"line":10,"column":0},"end":{"line":10,"column":2}},"10":{"start":{"line":11,"column":0},"end":{"line":11,"column":0}},"11":{"start":{"line":12,"column":0},"end":{"line":12,"column":35}},"12":{"start":{"line":13,"column":0},"end":{"line":13,"column":16}},"13":{"start":{"line":14,"column":0},"end":{"line":14,"column":22}},"14":{"start":{"line":15,"column":0},"end":{"line":15,"column":18}},"15":{"start":{"line":16,"column":0},"end":{"line":16,"column":18}},"16":{"start":{"line":17,"column":0},"end":{"line":17,"column":1}},"17":{"start":{"line":18,"column":0},"end":{"line":18,"column":0}},"18":{"start":{"line":19,"column":0},"end":{"line":19,"column":64}},"19":{"start":{"line":20,"column":0},"end":{"line":20,"column":29}},"20":{"start":{"line":21,"column":0},"end":{"line":21,"column":32}},"21":{"start":{"line":22,"column":0},"end":{"line":22,"column":28}},"22":{"start":{"line":23,"column":0},"end":{"line":23,"column":22}},"23":{"start":{"line":24,"column":0},"end":{"line":24,"column":21}},"24":{"start":{"line":25,"column":0},"end":{"line":25,"column":1}},"25":{"start":{"line":26,"column":0},"end":{"line":26,"column":0}},"26":{"start":{"line":27,"column":0},"end":{"line":27,"column":56}},"27":{"start":{"line":28,"column":0},"end":{"line":28,"column":10}},"28":{"start":{"line":29,"column":0},"end":{"line":29,"column":16}},"29":{"start":{"line":30,"column":0},"end":{"line":30,"column":35}},"30":{"start":{"line":31,"column":0},"end":{"line":31,"column":29}},"31":{"start":{"line":32,"column":0},"end":{"line":32,"column":62}},"32":{"start":{"line":33,"column":0},"end":{"line":33,"column":31}},"33":{"start":{"line":34,"column":0},"end":{"line":34,"column":4}},"34":{"start":{"line":35,"column":0},"end":{"line":35,"column":63}},"35":{"start":{"line":36,"column":0},"end":{"line":36,"column":57}},"36":{"start":{"line":37,"column":0},"end":{"line":37,"column":0}},"37":{"start":{"line":38,"column":0},"end":{"line":38,"column":44}},"38":{"start":{"line":39,"column":0},"end":{"line":39,"column":54}},"39":{"start":{"line":40,"column":0},"end":{"line":40,"column":0}},"40":{"start":{"line":41,"column":0},"end":{"line":41,"column":77}},"41":{"start":{"line":42,"column":0},"end":{"line":42,"column":0}},"42":{"start":{"line":43,"column":0},"end":{"line":43,"column":40}},"43":{"start":{"line":44,"column":0},"end":{"line":44,"column":42}},"44":{"start":{"line":45,"column":0},"end":{"line":45,"column":11}},"45":{"start":{"line":46,"column":0},"end":{"line":46,"column":12}},"46":{"start":{"line":47,"column":0},"end":{"line":47,"column":26}},"47":{"start":{"line":48,"column":0},"end":{"line":48,"column":7}},"48":{"start":{"line":49,"column":0},"end":{"line":49,"column":0}},"49":{"start":{"line":50,"column":0},"end":{"line":50,"column":69}},"50":{"start":{"line":51,"column":0},"end":{"line":51,"column":8}},"51":{"start":{"line":52,"column":0},"end":{"line":52,"column":50}},"52":{"start":{"line":53,"column":0},"end":{"line":53,"column":44}},"53":{"start":{"line":54,"column":0},"end":{"line":54,"column":7}},"54":{"start":{"line":55,"column":0},"end":{"line":55,"column":13}},"55":{"start":{"line":56,"column":0},"end":{"line":56,"column":5}},"56":{"start":{"line":57,"column":0},"end":{"line":57,"column":0}},"57":{"start":{"line":58,"column":0},"end":{"line":58,"column":35}},"58":{"start":{"line":59,"column":0},"end":{"line":59,"column":0}},"59":{"start":{"line":60,"column":0},"end":{"line":60,"column":30}},"60":{"start":{"line":61,"column":0},"end":{"line":61,"column":45}},"61":{"start":{"line":62,"column":0},"end":{"line":62,"column":18}},"62":{"start":{"line":63,"column":0},"end":{"line":63,"column":19}},"63":{"start":{"line":64,"column":0},"end":{"line":64,"column":0}},"64":{"start":{"line":65,"column":0},"end":{"line":65,"column":9}},"65":{"start":{"line":66,"column":0},"end":{"line":66,"column":66}},"66":{"start":{"line":67,"column":0},"end":{"line":67,"column":53}},"67":{"start":{"line":68,"column":0},"end":{"line":68,"column":45}},"68":{"start":{"line":69,"column":0},"end":{"line":69,"column":46}},"69":{"start":{"line":70,"column":0},"end":{"line":70,"column":19}},"70":{"start":{"line":71,"column":0},"end":{"line":71,"column":72}},"71":{"start":{"line":72,"column":0},"end":{"line":72,"column":22}},"72":{"start":{"line":73,"column":0},"end":{"line":73,"column":45}},"73":{"start":{"line":74,"column":0},"end":{"line":74,"column":37}},"74":{"start":{"line":75,"column":0},"end":{"line":75,"column":18}},"75":{"start":{"line":76,"column":0},"end":{"line":76,"column":15}},"76":{"start":{"line":77,"column":0},"end":{"line":77,"column":33}},"77":{"start":{"line":78,"column":0},"end":{"line":78,"column":5}},"78":{"start":{"line":79,"column":0},"end":{"line":79,"column":49}},"79":{"start":{"line":80,"column":0},"end":{"line":80,"column":0}},"80":{"start":{"line":81,"column":0},"end":{"line":81,"column":26}},"81":{"start":{"line":82,"column":0},"end":{"line":82,"column":26}},"82":{"start":{"line":83,"column":0},"end":{"line":83,"column":18}},"83":{"start":{"line":84,"column":0},"end":{"line":84,"column":24}},"84":{"start":{"line":85,"column":0},"end":{"line":85,"column":74}},"85":{"start":{"line":86,"column":0},"end":{"line":86,"column":43}},"86":{"start":{"line":87,"column":0},"end":{"line":87,"column":95}},"87":{"start":{"line":88,"column":0},"end":{"line":88,"column":10}},"88":{"start":{"line":89,"column":0},"end":{"line":89,"column":7}},"89":{"start":{"line":90,"column":0},"end":{"line":90,"column":36}},"90":{"start":{"line":91,"column":0},"end":{"line":91,"column":24}},"91":{"start":{"line":92,"column":0},"end":{"line":92,"column":19}},"92":{"start":{"line":93,"column":0},"end":{"line":93,"column":4}},"93":{"start":{"line":94,"column":0},"end":{"line":94,"column":0}},"94":{"start":{"line":95,"column":0},"end":{"line":95,"column":10}},"95":{"start":{"line":96,"column":0},"end":{"line":96,"column":9}},"96":{"start":{"line":97,"column":0},"end":{"line":97,"column":11}},"97":{"start":{"line":98,"column":0},"end":{"line":98,"column":9}},"98":{"start":{"line":99,"column":0},"end":{"line":99,"column":10}},"99":{"start":{"line":100,"column":0},"end":{"line":100,"column":8}},"100":{"start":{"line":101,"column":0},"end":{"line":101,"column":4}},"101":{"start":{"line":102,"column":0},"end":{"line":102,"column":1}},"102":{"start":{"line":103,"column":0},"end":{"line":103,"column":0}},"103":{"start":{"line":104,"column":0},"end":{"line":104,"column":31}}},"s":{"0":1,"1":1,"2":1,"3":1,"4":1,"5":1,"6":1,"7":1,"8":1,"9":1,"10":1,"11":1,"12":1,"13":1,"14":1,"15":1,"16":1,"17":1,"18":1,"19":1,"20":1,"21":1,"22":1,"23":1,"24":1,"25":1,"26":16,"27":16,"28":16,"29":16,"30":16,"31":16,"32":16,"33":16,"34":16,"35":16,"36":16,"37":16,"38":16,"39":16,"40":16,"41":16,"42":16,"43":9,"44":9,"45":9,"46":9,"47":9,"48":9,"49":9,"50":9,"51":9,"52":1,"53":9,"54":1,"55":1,"56":8,"57":8,"58":7,"59":7,"60":7,"61":7,"62":7,"63":7,"64":7,"65":7,"66":6,"67":6,"68":6,"69":9,"70":1,"71":1,"72":1,"73":1,"74":1,"75":9,"76":7,"77":7,"78":16,"79":16,"80":16,"81":16,"82":3,"83":2,"84":2,"85":2,"86":2,"87":2,"88":2,"89":1,"90":16,"91":16,"92":16,"93":16,"94":16,"95":16,"96":16,"97":16,"98":16,"99":16,"100":16,"101":16,"102":1,"103":1},"branchMap":{"0":{"type":"branch","line":12,"loc":{"start":{"line":12,"column":0},"end":{"line":17,"column":1}},"locations":[{"start":{"line":12,"column":0},"end":{"line":17,"column":1}}]},"1":{"type":"branch","line":27,"loc":{"start":{"line":27,"column":0},"end":{"line":102,"column":1}},"locations":[{"start":{"line":27,"column":0},"end":{"line":102,"column":1}}]},"2":{"type":"branch","line":41,"loc":{"start":{"line":41,"column":29},"end":{"line":41,"column":64}},"locations":[{"start":{"line":41,"column":29},"end":{"line":41,"column":64}}]},"3":{"type":"branch","line":41,"loc":{"start":{"line":41,"column":57},"end":{"line":41,"column":63}},"locations":[{"start":{"line":41,"column":57},"end":{"line":41,"column":63}}]},"4":{"type":"branch","line":43,"loc":{"start":{"line":43,"column":27},"end":{"line":79,"column":3}},"locations":[{"start":{"line":43,"column":27},"end":{"line":79,"column":3}}]},"5":{"type":"branch","line":52,"loc":{"start":{"line":52,"column":47},"end":{"line":53,"column":44}},"locations":[{"start":{"line":52,"column":47},"end":{"line":53,"column":44}}]},"6":{"type":"branch","line":54,"loc":{"start":{"line":54,"column":6},"end":{"line":56,"column":5}},"locations":[{"start":{"line":54,"column":6},"end":{"line":56,"column":5}}]},"7":{"type":"branch","line":57,"loc":{"start":{"line":57,"column":-1},"end":{"line":58,"column":35}},"locations":[{"start":{"line":57,"column":-1},"end":{"line":58,"column":35}}]},"8":{"type":"branch","line":58,"loc":{"start":{"line":58,"column":28},"end":{"line":58,"column":35}},"locations":[{"start":{"line":58,"column":28},"end":{"line":58,"column":35}}]},"9":{"type":"branch","line":59,"loc":{"start":{"line":59,"column":-1},"end":{"line":66,"column":66}},"locations":[{"start":{"line":59,"column":-1},"end":{"line":66,"column":66}}]},"10":{"type":"branch","line":67,"loc":{"start":{"line":67,"column":-1},"end":{"line":70,"column":13}},"locations":[{"start":{"line":67,"column":-1},"end":{"line":70,"column":13}}]},"11":{"type":"branch","line":70,"loc":{"start":{"line":70,"column":6},"end":{"line":76,"column":5}},"locations":[{"start":{"line":70,"column":6},"end":{"line":76,"column":5}}]},"12":{"type":"branch","line":71,"loc":{"start":{"line":71,"column":47},"end":{"line":71,"column":71}},"locations":[{"start":{"line":71,"column":47},"end":{"line":71,"column":71}}]},"13":{"type":"branch","line":76,"loc":{"start":{"line":76,"column":5},"end":{"line":76,"column":15}},"locations":[{"start":{"line":76,"column":5},"end":{"line":76,"column":15}}]},"14":{"type":"branch","line":76,"loc":{"start":{"line":76,"column":14},"end":{"line":78,"column":5}},"locations":[{"start":{"line":76,"column":14},"end":{"line":78,"column":5}}]},"15":{"type":"branch","line":67,"loc":{"start":{"line":67,"column":14},"end":{"line":67,"column":51}},"locations":[{"start":{"line":67,"column":14},"end":{"line":67,"column":51}}]},"16":{"type":"branch","line":82,"loc":{"start":{"line":82,"column":5},"end":{"line":91,"column":5}},"locations":[{"start":{"line":82,"column":5},"end":{"line":91,"column":5}}]},"17":{"type":"branch","line":83,"loc":{"start":{"line":83,"column":17},"end":{"line":89,"column":7}},"locations":[{"start":{"line":83,"column":17},"end":{"line":89,"column":7}}]},"18":{"type":"branch","line":90,"loc":{"start":{"line":90,"column":-1},"end":{"line":91,"column":5}},"locations":[{"start":{"line":90,"column":-1},"end":{"line":91,"column":5}}]}},"b":{"0":[1],"1":[16],"2":[11],"3":[7],"4":[9],"5":[1],"6":[1],"7":[8],"8":[1],"9":[7],"10":[6],"11":[1],"12":[0],"13":[6],"14":[7],"15":[6],"16":[3],"17":[2],"18":[1]},"fnMap":{"0":{"name":"useLazyPipeline","decl":{"start":{"line":27,"column":0},"end":{"line":102,"column":1}},"loc":{"start":{"line":27,"column":0},"end":{"line":102,"column":1}},"line":27}},"f":{"0":16}}
,"/Users/nico/Documents/Dev/transformers.js/packages/transformers-react/src/usePipeline.ts": {"path":"/Users/nico/Documents/Dev/transformers.js/packages/transformers-react/src/usePipeline.ts","all":false,"statementMap":{"0":{"start":{"line":1,"column":0},"end":{"line":1,"column":61}},"1":{"start":{"line":2,"column":0},"end":{"line":2,"column":8}},"2":{"start":{"line":3,"column":0},"end":{"line":3,"column":11}},"3":{"start":{"line":4,"column":0},"end":{"line":4,"column":20}},"4":{"start":{"line":5,"column":0},"end":{"line":5,"column":30}},"5":{"start":{"line":6,"column":0},"end":{"line":6,"column":35}},"6":{"start":{"line":7,"column":0},"end":{"line":7,"column":0}},"7":{"start":{"line":8,"column":0},"end":{"line":8,"column":50}},"8":{"start":{"line":9,"column":0},"end":{"line":9,"column":32}},"9":{"start":{"line":10,"column":0},"end":{"line":10,"column":2}},"10":{"start":{"line":11,"column":0},"end":{"line":11,"column":0}},"11":{"start":{"line":12,"column":0},"end":{"line":12,"column":31}},"12":{"start":{"line":13,"column":0},"end":{"line":13,"column":22}},"13":{"start":{"line":14,"column":0},"end":{"line":14,"column":22}},"14":{"start":{"line":15,"column":0},"end":{"line":15,"column":18}},"15":{"start":{"line":16,"column":0},"end":{"line":16,"column":1}},"16":{"start":{"line":17,"column":0},"end":{"line":17,"column":0}},"17":{"start":{"line":18,"column":0},"end":{"line":18,"column":60}},"18":{"start":{"line":19,"column":0},"end":{"line":19,"column":29}},"19":{"start":{"line":20,"column":0},"end":{"line":20,"column":28}},"20":{"start":{"line":21,"column":0},"end":{"line":21,"column":1}},"21":{"start":{"line":22,"column":0},"end":{"line":22,"column":0}},"22":{"start":{"line":23,"column":0},"end":{"line":23,"column":52}},"23":{"start":{"line":24,"column":0},"end":{"line":24,"column":10}},"24":{"start":{"line":25,"column":0},"end":{"line":25,"column":16}},"25":{"start":{"line":26,"column":0},"end":{"line":26,"column":35}},"26":{"start":{"line":27,"column":0},"end":{"line":27,"column":25}},"27":{"start":{"line":28,"column":0},"end":{"line":28,"column":58}},"28":{"start":{"line":29,"column":0},"end":{"line":29,"column":30}},"29":{"start":{"line":30,"column":0},"end":{"line":30,"column":4}},"30":{"start":{"line":31,"column":0},"end":{"line":31,"column":63}},"31":{"start":{"line":32,"column":0},"end":{"line":32,"column":0}},"32":{"start":{"line":33,"column":0},"end":{"line":33,"column":44}},"33":{"start":{"line":34,"column":0},"end":{"line":34,"column":0}},"34":{"start":{"line":35,"column":0},"end":{"line":35,"column":77}},"35":{"start":{"line":36,"column":0},"end":{"line":36,"column":0}},"36":{"start":{"line":37,"column":0},"end":{"line":37,"column":54}},"37":{"start":{"line":38,"column":0},"end":{"line":38,"column":19}},"38":{"start":{"line":39,"column":0},"end":{"line":39,"column":26}},"39":{"start":{"line":40,"column":0},"end":{"line":40,"column":0}},"40":{"start":{"line":41,"column":0},"end":{"line":41,"column":38}},"41":{"start":{"line":42,"column":0},"end":{"line":42,"column":37}},"42":{"start":{"line":43,"column":0},"end":{"line":43,"column":0}},"43":{"start":{"line":44,"column":0},"end":{"line":44,"column":32}},"44":{"start":{"line":45,"column":0},"end":{"line":45,"column":43}},"45":{"start":{"line":46,"column":0},"end":{"line":46,"column":20}},"46":{"start":{"line":47,"column":0},"end":{"line":47,"column":0}},"47":{"start":{"line":48,"column":0},"end":{"line":48,"column":11}},"48":{"start":{"line":49,"column":0},"end":{"line":49,"column":68}},"49":{"start":{"line":50,"column":0},"end":{"line":50,"column":25}},"50":{"start":{"line":51,"column":0},"end":{"line":51,"column":57}},"51":{"start":{"line":52,"column":0},"end":{"line":52,"column":45}},"52":{"start":{"line":53,"column":0},"end":{"line":53,"column":9}},"53":{"start":{"line":54,"column":0},"end":{"line":54,"column":23}},"54":{"start":{"line":55,"column":0},"end":{"line":55,"column":25}},"55":{"start":{"line":56,"column":0},"end":{"line":56,"column":47}},"56":{"start":{"line":57,"column":0},"end":{"line":57,"column":53}},"57":{"start":{"line":58,"column":0},"end":{"line":58,"column":57}},"58":{"start":{"line":59,"column":0},"end":{"line":59,"column":9}},"59":{"start":{"line":60,"column":0},"end":{"line":60,"column":17}},"60":{"start":{"line":61,"column":0},"end":{"line":61,"column":35}},"61":{"start":{"line":62,"column":0},"end":{"line":62,"column":7}},"62":{"start":{"line":63,"column":0},"end":{"line":63,"column":6}},"63":{"start":{"line":64,"column":0},"end":{"line":64,"column":0}},"64":{"start":{"line":65,"column":0},"end":{"line":65,"column":19}},"65":{"start":{"line":66,"column":0},"end":{"line":66,"column":0}},"66":{"start":{"line":67,"column":0},"end":{"line":67,"column":18}},"67":{"start":{"line":68,"column":0},"end":{"line":68,"column":23}},"68":{"start":{"line":69,"column":0},"end":{"line":69,"column":6}},"69":{"start":{"line":70,"column":0},"end":{"line":70,"column":32}},"70":{"start":{"line":71,"column":0},"end":{"line":71,"column":0}},"71":{"start":{"line":72,"column":0},"end":{"line":72,"column":10}},"72":{"start":{"line":73,"column":0},"end":{"line":73,"column":9}},"73":{"start":{"line":74,"column":0},"end":{"line":74,"column":11}},"74":{"start":{"line":75,"column":0},"end":{"line":75,"column":4}},"75":{"start":{"line":76,"column":0},"end":{"line":76,"column":1}},"76":{"start":{"line":77,"column":0},"end":{"line":77,"column":0}},"77":{"start":{"line":78,"column":0},"end":{"line":78,"column":27}}},"s":{"0":1,"1":1,"2":1,"3":1,"4":1,"5":1,"6":1,"7":1,"8":1,"9":1,"10":1,"11":1,"12":1,"13":1,"14":1,"15":1,"16":1,"17":1,"18":1,"19":1,"20":1,"21":1,"22":33,"23":33,"24":33,"25":33,"26":33,"27":33,"28":33,"29":33,"30":33,"31":33,"32":33,"33":33,"34":33,"35":33,"36":33,"37":33,"38":11,"39":11,"40":11,"41":11,"42":11,"43":11,"44":11,"45":11,"46":11,"47":11,"48":11,"49":10,"50":10,"51":10,"52":10,"53":11,"54":1,"55":1,"56":1,"57":1,"58":1,"59":11,"60":11,"61":11,"62":11,"63":11,"64":11,"65":11,"66":11,"67":11,"68":11,"69":33,"70":33,"71":33,"72":33,"73":33,"74":33,"75":33,"76":1,"77":1},"branchMap":{"0":{"type":"branch","line":12,"loc":{"start":{"line":12,"column":0},"end":{"line":16,"column":1}},"locations":[{"start":{"line":12,"column":0},"end":{"line":16,"column":1}}]},"1":{"type":"branch","line":23,"loc":{"start":{"line":23,"column":0},"end":{"line":76,"column":1}},"locations":[{"start":{"line":23,"column":0},"end":{"line":76,"column":1}}]},"2":{"type":"branch","line":35,"loc":{"start":{"line":35,"column":29},"end":{"line":35,"column":64}},"locations":[{"start":{"line":35,"column":29},"end":{"line":35,"column":64}}]},"3":{"type":"branch","line":35,"loc":{"start":{"line":35,"column":57},"end":{"line":35,"column":63}},"locations":[{"start":{"line":35,"column":57},"end":{"line":35,"column":63}}]},"4":{"type":"branch","line":38,"loc":{"start":{"line":38,"column":12},"end":{"line":70,"column":3}},"locations":[{"start":{"line":38,"column":12},"end":{"line":70,"column":3}}]},"5":{"type":"branch","line":41,"loc":{"start":{"line":41,"column":25},"end":{"line":63,"column":5}},"locations":[{"start":{"line":41,"column":25},"end":{"line":63,"column":5}}]},"6":{"type":"branch","line":42,"loc":{"start":{"line":42,"column":30},"end":{"line":42,"column":37}},"locations":[{"start":{"line":42,"column":30},"end":{"line":42,"column":37}}]},"7":{"type":"branch","line":50,"loc":{"start":{"line":50,"column":-1},"end":{"line":53,"column":9}},"locations":[{"start":{"line":50,"column":-1},"end":{"line":53,"column":9}}]},"8":{"type":"branch","line":54,"loc":{"start":{"line":54,"column":8},"end":{"line":60,"column":7}},"locations":[{"start":{"line":54,"column":8},"end":{"line":60,"column":7}}]},"9":{"type":"branch","line":51,"loc":{"start":{"line":51,"column":18},"end":{"line":51,"column":55}},"locations":[{"start":{"line":51,"column":18},"end":{"line":51,"column":55}}]},"10":{"type":"branch","line":67,"loc":{"start":{"line":67,"column":11},"end":{"line":69,"column":5}},"locations":[{"start":{"line":67,"column":11},"end":{"line":69,"column":5}}]}},"b":{"0":[1],"1":[33],"2":[11],"3":[6],"4":[11],"5":[11],"6":[0],"7":[10],"8":[1],"9":[10],"10":[11]},"fnMap":{"0":{"name":"usePipeline","decl":{"start":{"line":23,"column":0},"end":{"line":76,"column":1}},"loc":{"start":{"line":23,"column":0},"end":{"line":76,"column":1}},"line":23},"1":{"name":"loadPipeline","decl":{"start":{"line":41,"column":25},"end":{"line":63,"column":5}},"loc":{"start":{"line":41,"column":25},"end":{"line":63,"column":5}},"line":41}},"f":{"0":33,"1":11}}
}
