TN:
SF:src/index.ts
FN:1,(empty-report)
FNF:1
FNH:0
FNDA:0,(empty-report)
DA:1,0
DA:2,0
DA:3,0
DA:4,0
DA:5,0
DA:6,0
DA:7,0
DA:8,0
DA:9,0
DA:10,0
DA:11,0
LF:11
LH:0
BRDA:1,0,0,0
BRF:1
BRH:0
end_of_record
TN:
SF:src/useLazyPipeline.ts
FN:27,useLazyPipeline
FNF:1
FNH:1
FNDA:16,useLazyPipeline
DA:1,1
DA:2,1
DA:3,1
DA:4,1
DA:5,1
DA:6,1
DA:7,1
DA:8,1
DA:9,1
DA:10,1
DA:11,1
DA:12,1
DA:13,1
DA:14,1
DA:15,1
DA:16,1
DA:17,1
DA:18,1
DA:19,1
DA:20,1
DA:21,1
DA:22,1
DA:23,1
DA:24,1
DA:25,1
DA:26,1
DA:27,16
DA:28,16
DA:29,16
DA:30,16
DA:31,16
DA:32,16
DA:33,16
DA:34,16
DA:35,16
DA:36,16
DA:37,16
DA:38,16
DA:39,16
DA:40,16
DA:41,16
DA:42,16
DA:43,16
DA:44,9
DA:45,9
DA:46,9
DA:47,9
DA:48,9
DA:49,9
DA:50,9
DA:51,9
DA:52,9
DA:53,1
DA:54,9
DA:55,1
DA:56,1
DA:57,8
DA:58,8
DA:59,7
DA:60,7
DA:61,7
DA:62,7
DA:63,7
DA:64,7
DA:65,7
DA:66,7
DA:67,6
DA:68,6
DA:69,6
DA:70,9
DA:71,1
DA:72,1
DA:73,1
DA:74,1
DA:75,1
DA:76,9
DA:77,7
DA:78,7
DA:79,16
DA:80,16
DA:81,16
DA:82,16
DA:83,3
DA:84,2
DA:85,2
DA:86,2
DA:87,2
DA:88,2
DA:89,2
DA:90,1
DA:91,16
DA:92,16
DA:93,16
DA:94,16
DA:95,16
DA:96,16
DA:97,16
DA:98,16
DA:99,16
DA:100,16
DA:101,16
DA:102,16
DA:103,1
DA:104,1
LF:104
LH:104
BRDA:12,0,0,1
BRDA:27,1,0,16
BRDA:41,2,0,11
BRDA:41,3,0,7
BRDA:43,4,0,9
BRDA:52,5,0,1
BRDA:54,6,0,1
BRDA:57,7,0,8
BRDA:58,8,0,1
BRDA:59,9,0,7
BRDA:67,10,0,6
BRDA:70,11,0,1
BRDA:71,12,0,0
BRDA:76,13,0,6
BRDA:76,14,0,7
BRDA:67,15,0,6
BRDA:82,16,0,3
BRDA:83,17,0,2
BRDA:90,18,0,1
BRF:19
BRH:18
end_of_record
TN:
SF:src/usePipeline.ts
FN:23,usePipeline
FN:41,loadPipeline
FNF:2
FNH:2
FNDA:33,usePipeline
FNDA:11,loadPipeline
DA:1,1
DA:2,1
DA:3,1
DA:4,1
DA:5,1
DA:6,1
DA:7,1
DA:8,1
DA:9,1
DA:10,1
DA:11,1
DA:12,1
DA:13,1
DA:14,1
DA:15,1
DA:16,1
DA:17,1
DA:18,1
DA:19,1
DA:20,1
DA:21,1
DA:22,1
DA:23,33
DA:24,33
DA:25,33
DA:26,33
DA:27,33
DA:28,33
DA:29,33
DA:30,33
DA:31,33
DA:32,33
DA:33,33
DA:34,33
DA:35,33
DA:36,33
DA:37,33
DA:38,33
DA:39,11
DA:40,11
DA:41,11
DA:42,11
DA:43,11
DA:44,11
DA:45,11
DA:46,11
DA:47,11
DA:48,11
DA:49,11
DA:50,10
DA:51,10
DA:52,10
DA:53,10
DA:54,11
DA:55,1
DA:56,1
DA:57,1
DA:58,1
DA:59,1
DA:60,11
DA:61,11
DA:62,11
DA:63,11
DA:64,11
DA:65,11
DA:66,11
DA:67,11
DA:68,11
DA:69,11
DA:70,33
DA:71,33
DA:72,33
DA:73,33
DA:74,33
DA:75,33
DA:76,33
DA:77,1
DA:78,1
LF:78
LH:78
BRDA:12,0,0,1
BRDA:23,1,0,33
BRDA:35,2,0,11
BRDA:35,3,0,6
BRDA:38,4,0,11
BRDA:41,5,0,11
BRDA:42,6,0,0
BRDA:50,7,0,10
BRDA:54,8,0,1
BRDA:51,9,0,10
BRDA:67,10,0,11
BRF:11
BRH:10
end_of_record
